生成启动时间为 2018/7/15 8:04:20。
     1>项目“C:\Users\forev\Desktop\IGGE\IGGE\IGGE.vcxproj”在节点 2 上(Build 个目标)。
     1>CustomBuild:
         Uic'ing mywin.ui...
       ClCompile:
         C:\Program Files (x86)\Microsoft Visual Studio 12.0\VC\bin\x86_amd64\CL.exe /c /I.\GeneratedFiles /I. /IC:\Qt\Qt5.6.1\5.6\msvc2013_64\include /I.\GeneratedFiles\Debug /IC:\Qt\Qt5.6.1\5.6\msvc2013_64\include\QtCore /IC:\Qt\Qt5.6.1\5.6\msvc2013_64\include\QtGui /IC:\Qt\Qt5.6.1\5.6\msvc2013_64\include\QtWidgets /Zi /nologo /W1 /WX- /Od /D UNICODE /D WIN32 /D WIN64 /D QT_DLL /D QT_CORE_LIB /D QT_GUI_LIB /D QT_WIDGETS_LIB /Gm- /EHsc /MDd /GS /fp:precise /Zc:wchar_t /Zc:forScope /Fo"x64\Debug\\" /Fd"x64\Debug\vc120.pdb" /Gd /TP /errorReport:prompt GeneratedFiles\Debug\moc_mywin.cpp main.cpp mywin.cpp
         moc_mywin.cpp
         main.cpp
         mywin.cpp
         正在生成代码...
       Link:
         C:\Program Files (x86)\Microsoft Visual Studio 12.0\VC\bin\x86_amd64\link.exe /ERRORREPORT:PROMPT /OUT:"C:\Users\forev\Desktop\IGGE\x64\Debug\\IGGE.exe" /NOLOGO /LIBPATH:C:\Qt\Qt5.6.1\5.6\msvc2013_64\lib qtmaind.lib Qt5Cored.lib Qt5Guid.lib Qt5Widgetsd.lib kernel32.lib user32.lib gdi32.lib winspool.lib comdlg32.lib advapi32.lib shell32.lib ole32.lib oleaut32.lib uuid.lib odbc32.lib odbccp32.lib /MANIFEST /MANIFESTUAC:"level='asInvoker' uiAccess='false'" /manifest:embed /DEBUG /PDB:"C:\Users\forev\Desktop\IGGE\x64\Debug\IGGE.pdb" /SUBSYSTEM:WINDOWS /TLBID:1 /DYNAMICBASE /NXCOMPAT /IMPLIB:"C:\Users\forev\Desktop\IGGE\x64\Debug\IGGE.lib" /MACHINE:X64 x64\Debug\moc_IGGE.obj
         x64\Debug\moc_mywin.obj
         x64\Debug\qrc_IGGE.obj
         x64\Debug\IGGE.obj
         x64\Debug\main.obj
         x64\Debug\mywin.obj
         IGGE.vcxproj -> C:\Users\forev\Desktop\IGGE\x64\Debug\IGGE.exe
     1>已完成生成项目“C:\Users\forev\Desktop\IGGE\IGGE\IGGE.vcxproj”(Build 个目标)的操作。

生成成功。

已用时间 00:00:06.30
